<?xml version="1.0" encoding="UTF-8"?>
<testng-results ignored="0" total="1" passed="1" failed="0" skipped="0">
  <reporter-output>
  </reporter-output>
  <suite started-at="2022-07-17T08:44:49 IST" name="Default suite" finished-at="2022-07-17T08:46:10 IST" duration-ms="81493">
    <groups>
    </groups>
    <test started-at="2022-07-17T08:44:49 IST" name="Default test" finished-at="2022-07-17T08:46:10 IST" duration-ms="81493">
      <class name="com.amazon.amazon_automaed">
        <test-method is-config="true" signature="Setup()[pri:0, instance:com.amazon.amazon_automaed@670002]" started-at="2022-07-17T08:44:49 IST" name="Setup" finished-at="2022-07-17T08:44:52 IST" duration-ms="3246" status="PASS">
          <reporter-output>
          </reporter-output>
        </test-method> <!-- Setup -->
        <test-method signature="login()[pri:0, instance:com.amazon.amazon_automaed@670002]" started-at="2022-07-17T08:44:52 IST" name="login" finished-at="2022-07-17T08:46:10 IST" duration-ms="78186" status="PASS">
          <reporter-output>
          </reporter-output>
        </test-method> <!-- login -->
      </class> <!-- com.amazon.amazon_automaed -->
    </test> <!-- Default test -->
  </suite> <!-- Default suite -->
</testng-results>
